<?xml version="1.0" encoding="UTF-8"?>
<robot generator="Robot 3.2.1 (Python 3.7.5 on win32)" generated="20200611 09:04:37.709" rpa="false">
<suite id="s1" name="Test Suite" source="C:\Users\diness\Documents\Automation\Robot_Framework\RobotProject1\tests\test_suite.robot">
<test id="s1-t1" name="Test Case: To verify user is able to search the product in Amazon.in">
<kw name="Open Browser" library="SeleniumLibrary">
<doc>Opens a new browser instance to the optional ``url``.</doc>
<arguments>
<arg>${amazonurl}</arg>
<arg>chrome</arg>
</arguments>
<msg timestamp="20200611 09:04:38.685" level="INFO">Opening browser 'chrome' to base url 'https://www.amazon.in/'.</msg>
<status status="PASS" starttime="20200611 09:04:38.684" endtime="20200611 09:04:48.600"></status>
</kw>
<kw name="Maximize Browser Window" library="SeleniumLibrary">
<doc>Maximizes current browser window.</doc>
<status status="PASS" starttime="20200611 09:04:48.611" endtime="20200611 09:04:49.929"></status>
</kw>
<kw name="Log To Console" library="BuiltIn">
<doc>Logs the given message to the console.</doc>
<arguments>
<arg>Page opened</arg>
</arguments>
<status status="PASS" starttime="20200611 09:04:49.950" endtime="20200611 09:04:49.959"></status>
</kw>
<kw name="Wait Until Element Is Visible" library="SeleniumLibrary">
<doc>Waits until the element ``locator`` is visible.</doc>
<arguments>
<arg>${mainpage_header_locator}</arg>
</arguments>
<status status="PASS" starttime="20200611 09:04:49.964" endtime="20200611 09:04:50.310"></status>
</kw>
<kw name="Click Element" library="SeleniumLibrary">
<doc>Click the element identified by ``locator``.</doc>
<arguments>
<arg>${search_inputbox_locator}</arg>
</arguments>
<msg timestamp="20200611 09:04:50.312" level="INFO">Clicking element 'id:twotabsearchtextbox'.</msg>
<status status="PASS" starttime="20200611 09:04:50.311" endtime="20200611 09:04:50.567"></status>
</kw>
<kw name="Input Text" library="SeleniumLibrary">
<doc>Types the given ``text`` into the text field identified by ``locator``.</doc>
<arguments>
<arg>${search_inputbox_locator}</arg>
<arg>${product_name}</arg>
</arguments>
<msg timestamp="20200611 09:04:50.575" level="INFO">Typing text 'Apsara Platinum Pencils' into text field 'id:twotabsearchtextbox'.</msg>
<status status="PASS" starttime="20200611 09:04:50.574" endtime="20200611 09:04:51.126"></status>
</kw>
<kw name="Sleep" library="BuiltIn">
<doc>Pauses the test executed for the given time.</doc>
<arguments>
<arg>5s</arg>
</arguments>
<msg timestamp="20200611 09:04:56.128" level="INFO">Slept 5 seconds</msg>
<status status="PASS" starttime="20200611 09:04:51.127" endtime="20200611 09:04:56.128"></status>
</kw>
<kw name="Click Button" library="SeleniumLibrary">
<doc>Clicks the button identified by ``locator``.</doc>
<arguments>
<arg>${search_button_locator}</arg>
</arguments>
<msg timestamp="20200611 09:04:56.129" level="INFO">Clicking button 'xpath://*[@id="nav-search"]/form/div[2]/div/input'.</msg>
<status status="PASS" starttime="20200611 09:04:56.129" endtime="20200611 09:04:59.806"></status>
</kw>
<kw name="Log To Console" library="BuiltIn">
<doc>Logs the given message to the console.</doc>
<arguments>
<arg>Product searched</arg>
</arguments>
<status status="PASS" starttime="20200611 09:04:59.807" endtime="20200611 09:04:59.807"></status>
</kw>
<kw name="Wait Until Element Is Visible" library="SeleniumLibrary">
<doc>Waits until the element ``locator`` is visible.</doc>
<arguments>
<arg>${first_result_locator}</arg>
</arguments>
<kw name="Capture Page Screenshot" library="SeleniumLibrary">
<doc>Takes a screenshot of the current page and embeds it into a log file.</doc>
<msg timestamp="20200611 09:05:05.605" level="INFO" html="yes">&lt;/td&gt;&lt;/tr&gt;&lt;tr&gt;&lt;td colspan="3"&gt;&lt;a href="selenium-screenshot-1.png"&gt;&lt;img src="selenium-screenshot-1.png" width="800px"&gt;&lt;/a&gt;</msg>
<status status="PASS" starttime="20200611 09:05:04.985" endtime="20200611 09:05:05.605"></status>
</kw>
<msg timestamp="20200611 09:05:05.630" level="FAIL">Element 'xpath://*[@id="search"]/div[1]/div[1]/div/span[3]/div[2]/div[2]/div/span/div/div/div/div/span/a/div/img' not visible after 5 seconds.</msg>
<status status="FAIL" starttime="20200611 09:04:59.824" endtime="20200611 09:05:05.630"></status>
</kw>
<doc>Searching product in MFT Portal</doc>
<tags>
<tag>Smoke</tag>
</tags>
<status status="FAIL" starttime="20200611 09:04:38.667" endtime="20200611 09:05:05.631" critical="yes">Element 'xpath://*[@id="search"]/div[1]/div[1]/div/span[3]/div[2]/div[2]/div/span/div/div/div/div/span/a/div/img' not visible after 5 seconds.</status>
</test>
<doc>This is basic information about the Suite</doc>
<status status="FAIL" starttime="20200611 09:04:37.716" endtime="20200611 09:05:05.633"></status>
</suite>
<statistics>
<total>
<stat pass="0" fail="1">Critical Tests</stat>
<stat pass="0" fail="1">All Tests</stat>
</total>
<tag>
<stat pass="0" fail="1">Smoke</stat>
</tag>
<suite>
<stat pass="0" fail="1" id="s1" name="Test Suite">Test Suite</stat>
</suite>
</statistics>
<errors>
</errors>
</robot>
