<?xml version="1.0" encoding="UTF-8"?>
<robot generator="Robot 3.2.1 (Python 3.7.5 on win32)" generated="20200611 10:07:07.248" rpa="false">
<suite id="s1" name="Test Suite" source="C:\Users\diness\Documents\Automation\Robot_Framework\RobotProject1\tests\test_suite.robot">
<test id="s1-t1" name="Test Case 1: To verify user is able to search the product in Amazon.in">
<kw name="Open Browser" library="SeleniumLibrary">
<doc>Opens a new browser instance to the optional ``url``.</doc>
<arguments>
<arg>${amazonurl}</arg>
<arg>chrome</arg>
</arguments>
<msg timestamp="20200611 10:07:08.183" level="INFO">Opening browser 'chrome' to base url 'https://www.amazon.in/'.</msg>
<status status="PASS" starttime="20200611 10:07:08.182" endtime="20200611 10:07:20.975"></status>
</kw>
<kw name="Maximize Browser Window" library="SeleniumLibrary">
<doc>Maximizes current browser window.</doc>
<status status="PASS" starttime="20200611 10:07:20.990" endtime="20200611 10:07:22.368"></status>
</kw>
<kw name="Log To Console" library="BuiltIn">
<doc>Logs the given message to the console.</doc>
<arguments>
<arg>Page opened</arg>
</arguments>
<status status="PASS" starttime="20200611 10:07:22.425" endtime="20200611 10:07:22.428"></status>
</kw>
<kw name="Wait Until Element Is Visible" library="SeleniumLibrary">
<doc>Waits until the element ``locator`` is visible.</doc>
<arguments>
<arg>${mainpage_header_locator}</arg>
</arguments>
<status status="PASS" starttime="20200611 10:07:22.429" endtime="20200611 10:07:22.723"></status>
</kw>
<kw name="Click Element" library="SeleniumLibrary">
<doc>Click the element identified by ``locator``.</doc>
<arguments>
<arg>${search_inputbox_locator}</arg>
</arguments>
<msg timestamp="20200611 10:07:22.725" level="INFO">Clicking element 'id:twotabsearchtextbox'.</msg>
<status status="PASS" starttime="20200611 10:07:22.725" endtime="20200611 10:07:22.980"></status>
</kw>
<kw name="Input Text" library="SeleniumLibrary">
<doc>Types the given ``text`` into the text field identified by ``locator``.</doc>
<arguments>
<arg>${search_inputbox_locator}</arg>
<arg>${product_name}</arg>
</arguments>
<msg timestamp="20200611 10:07:22.982" level="INFO">Typing text 'Apsara Platinum Pencils' into text field 'id:twotabsearchtextbox'.</msg>
<status status="PASS" starttime="20200611 10:07:22.981" endtime="20200611 10:07:23.793"></status>
</kw>
<kw name="Sleep" library="BuiltIn">
<doc>Pauses the test executed for the given time.</doc>
<arguments>
<arg>5s</arg>
</arguments>
<msg timestamp="20200611 10:07:28.810" level="INFO">Slept 5 seconds</msg>
<status status="PASS" starttime="20200611 10:07:23.809" endtime="20200611 10:07:28.810"></status>
</kw>
<kw name="Click Button" library="SeleniumLibrary">
<doc>Clicks the button identified by ``locator``.</doc>
<arguments>
<arg>${search_button_locator}</arg>
</arguments>
<msg timestamp="20200611 10:07:28.811" level="INFO">Clicking button 'xpath://*[@id="nav-search"]/form/div[2]/div/input'.</msg>
<status status="PASS" starttime="20200611 10:07:28.811" endtime="20200611 10:07:32.964"></status>
</kw>
<kw name="Log To Console" library="BuiltIn">
<doc>Logs the given message to the console.</doc>
<arguments>
<arg>Product searched</arg>
</arguments>
<status status="PASS" starttime="20200611 10:07:32.977" endtime="20200611 10:07:32.979"></status>
</kw>
<kw name="Sleep" library="BuiltIn">
<doc>Pauses the test executed for the given time.</doc>
<arguments>
<arg>5s</arg>
</arguments>
<msg timestamp="20200611 10:07:37.984" level="INFO">Slept 5 seconds</msg>
<status status="PASS" starttime="20200611 10:07:32.982" endtime="20200611 10:07:37.984"></status>
</kw>
<kw name="Close All Browsers" library="SeleniumLibrary">
<doc>Closes all open browsers and resets the browser cache.</doc>
<status status="PASS" starttime="20200611 10:07:37.984" endtime="20200611 10:07:41.653"></status>
</kw>
<doc>Searching product in MFT Portal</doc>
<tags>
<tag>Smoke</tag>
</tags>
<status status="PASS" starttime="20200611 10:07:08.169" endtime="20200611 10:07:41.654" critical="yes"></status>
</test>
<doc>This is basic information about the Suite</doc>
<status status="PASS" starttime="20200611 10:07:07.254" endtime="20200611 10:07:41.661"></status>
</suite>
<statistics>
<total>
<stat pass="1" fail="0">Critical Tests</stat>
<stat pass="1" fail="0">All Tests</stat>
</total>
<tag>
<stat pass="1" fail="0">Smoke</stat>
</tag>
<suite>
<stat pass="1" fail="0" id="s1" name="Test Suite">Test Suite</stat>
</suite>
</statistics>
<errors>
</errors>
</robot>
