<?xml version="1.0" encoding="UTF-8"?>
<robot generator="Robot 3.2.1 (Python 3.7.5 on win32)" generated="20200610 23:21:15.994" rpa="false">
<suite id="s1" name="Amazon" source="C:\Users\diness\Documents\Automation\Robot_Framework\RobotProject1\tests\amazon.robot">
<test id="s1-t1" name="Test Case: To verify that user is able to search the device in MFT Portal">
<kw name="Open Browser" library="SeleniumLibrary">
<doc>Opens a new browser instance to the optional ``url``.</doc>
<arguments>
<arg>${mftportalurl}</arg>
<arg>chrome</arg>
</arguments>
<msg timestamp="20200610 23:21:16.889" level="INFO">Opening browser 'chrome' to base url 'https://connectivityportal.cft.isus.emc.com'.</msg>
<status status="PASS" starttime="20200610 23:21:16.888" endtime="20200610 23:21:41.437"></status>
</kw>
<kw name="Maximize Browser Window" library="SeleniumLibrary">
<doc>Maximizes current browser window.</doc>
<status status="PASS" starttime="20200610 23:21:41.437" endtime="20200610 23:21:42.561"></status>
</kw>
<kw name="Log To Console" library="BuiltIn">
<doc>Logs the given message to the console.</doc>
<arguments>
<arg>Page opened</arg>
</arguments>
<status status="PASS" starttime="20200610 23:21:42.562" endtime="20200610 23:21:42.563"></status>
</kw>
<kw name="Wait Until Element Is Visible" library="SeleniumLibrary">
<doc>Waits until the element ``locator`` is visible.</doc>
<arguments>
<arg>${search_inputtext_xpath}</arg>
</arguments>
<status status="PASS" starttime="20200610 23:21:42.566" endtime="20200610 23:21:43.075"></status>
</kw>
<kw name="Click Element" library="SeleniumLibrary">
<doc>Click the element identified by ``locator``.</doc>
<arguments>
<arg>${search_inputtext_xpath}</arg>
</arguments>
<msg timestamp="20200610 23:21:43.076" level="INFO">Clicking element 'xpath://*[@id="searchString"]'.</msg>
<status status="PASS" starttime="20200610 23:21:43.076" endtime="20200610 23:21:43.368"></status>
</kw>
<kw name="Input Text" library="SeleniumLibrary">
<doc>Types the given ``text`` into the text field identified by ``locator``.</doc>
<arguments>
<arg>${search_inputtext_xpath}</arg>
<arg>${device_sn}</arg>
</arguments>
<msg timestamp="20200610 23:21:43.372" level="INFO">Typing text '10PS6HYPV1' into text field 'xpath://*[@id="searchString"]'.</msg>
<status status="PASS" starttime="20200610 23:21:43.369" endtime="20200610 23:21:43.563"></status>
</kw>
<kw name="Sleep" library="BuiltIn">
<doc>Pauses the test executed for the given time.</doc>
<arguments>
<arg>5s</arg>
</arguments>
<msg timestamp="20200610 23:21:48.566" level="INFO">Slept 5 seconds</msg>
<status status="PASS" starttime="20200610 23:21:43.564" endtime="20200610 23:21:48.566"></status>
</kw>
<kw name="Click Button" library="SeleniumLibrary">
<doc>Clicks the button identified by ``locator``.</doc>
<arguments>
<arg>${search_button_xpath}</arg>
</arguments>
<msg timestamp="20200610 23:21:48.567" level="INFO">Clicking button 'xpath://*[@id="search"]/div[1]/div[2]/div/form/div/div[2]/button'.</msg>
<status status="PASS" starttime="20200610 23:21:48.567" endtime="20200610 23:21:48.669"></status>
</kw>
<kw name="Wait Until Element Is Visible" library="SeleniumLibrary">
<doc>Waits until the element ``locator`` is visible.</doc>
<arguments>
<arg>${search_resultdiv_xpath}</arg>
</arguments>
<status status="PASS" starttime="20200610 23:21:48.670" endtime="20200610 23:21:50.271"></status>
</kw>
<kw name="Log To Console" library="BuiltIn">
<doc>Logs the given message to the console.</doc>
<arguments>
<arg>Searched the element</arg>
</arguments>
<status status="PASS" starttime="20200610 23:21:50.273" endtime="20200610 23:21:50.274"></status>
</kw>
<kw name="Sleep" library="BuiltIn">
<doc>Pauses the test executed for the given time.</doc>
<arguments>
<arg>5s</arg>
</arguments>
<msg timestamp="20200610 23:21:55.276" level="INFO">Slept 5 seconds</msg>
<status status="PASS" starttime="20200610 23:21:50.274" endtime="20200610 23:21:55.276"></status>
</kw>
<kw name="Close All Browsers" library="SeleniumLibrary">
<doc>Closes all open browsers and resets the browser cache.</doc>
<status status="PASS" starttime="20200610 23:21:55.276" endtime="20200610 23:21:58.820"></status>
</kw>
<doc>Searching product in MFT Portal</doc>
<tags>
<tag>Smoke</tag>
</tags>
<status status="PASS" starttime="20200610 23:21:16.887" endtime="20200610 23:21:58.821" critical="yes"></status>
</test>
<doc>This is basic information about the Suite</doc>
<status status="PASS" starttime="20200610 23:21:15.999" endtime="20200610 23:21:58.829"></status>
</suite>
<statistics>
<total>
<stat pass="1" fail="0">Critical Tests</stat>
<stat pass="1" fail="0">All Tests</stat>
</total>
<tag>
<stat pass="1" fail="0">Smoke</stat>
</tag>
<suite>
<stat pass="1" fail="0" id="s1" name="Amazon">Amazon</stat>
</suite>
</statistics>
<errors>
</errors>
</robot>
