<?xml version="1.0" encoding="UTF-8"?>
<robot generator="Robot 3.2.1 (Python 3.7.5 on win32)" generated="20200611 09:10:20.281" rpa="false">
<suite id="s1" name="Test Suite" source="C:\Users\diness\Documents\Automation\Robot_Framework\RobotProject1\tests\test_suite.robot">
<test id="s1-t1" name="Test Case: To verify user is able to search the product in Amazon.in">
<kw name="Open Browser" library="SeleniumLibrary">
<doc>Opens a new browser instance to the optional ``url``.</doc>
<arguments>
<arg>${amazonurl}</arg>
<arg>chrome</arg>
</arguments>
<msg timestamp="20200611 09:10:21.109" level="INFO">Opening browser 'chrome' to base url 'https://www.amazon.in/'.</msg>
<status status="PASS" starttime="20200611 09:10:21.108" endtime="20200611 09:10:30.707"></status>
</kw>
<kw name="Maximize Browser Window" library="SeleniumLibrary">
<doc>Maximizes current browser window.</doc>
<status status="PASS" starttime="20200611 09:10:30.709" endtime="20200611 09:10:32.043"></status>
</kw>
<kw name="Log To Console" library="BuiltIn">
<doc>Logs the given message to the console.</doc>
<arguments>
<arg>Page opened</arg>
</arguments>
<status status="PASS" starttime="20200611 09:10:32.045" endtime="20200611 09:10:32.082"></status>
</kw>
<kw name="Wait Until Element Is Visible" library="SeleniumLibrary">
<doc>Waits until the element ``locator`` is visible.</doc>
<arguments>
<arg>${mainpage_header_locator}</arg>
</arguments>
<status status="PASS" starttime="20200611 09:10:32.083" endtime="20200611 09:10:32.438"></status>
</kw>
<kw name="Click Element" library="SeleniumLibrary">
<doc>Click the element identified by ``locator``.</doc>
<arguments>
<arg>${search_inputbox_locator}</arg>
</arguments>
<msg timestamp="20200611 09:10:32.445" level="INFO">Clicking element 'id:twotabsearchtextbox'.</msg>
<status status="PASS" starttime="20200611 09:10:32.444" endtime="20200611 09:10:32.830"></status>
</kw>
<kw name="Input Text" library="SeleniumLibrary">
<doc>Types the given ``text`` into the text field identified by ``locator``.</doc>
<arguments>
<arg>${search_inputbox_locator}</arg>
<arg>${product_name}</arg>
</arguments>
<msg timestamp="20200611 09:10:32.837" level="INFO">Typing text 'Apsara Platinum Pencils' into text field 'id:twotabsearchtextbox'.</msg>
<status status="PASS" starttime="20200611 09:10:32.836" endtime="20200611 09:10:33.576"></status>
</kw>
<kw name="Sleep" library="BuiltIn">
<doc>Pauses the test executed for the given time.</doc>
<arguments>
<arg>5s</arg>
</arguments>
<msg timestamp="20200611 09:10:38.579" level="INFO">Slept 5 seconds</msg>
<status status="PASS" starttime="20200611 09:10:33.576" endtime="20200611 09:10:38.579"></status>
</kw>
<kw name="Click Button" library="SeleniumLibrary">
<doc>Clicks the button identified by ``locator``.</doc>
<arguments>
<arg>${search_button_locator}</arg>
</arguments>
<msg timestamp="20200611 09:10:38.580" level="INFO">Clicking button 'xpath://*[@id="nav-search"]/form/div[2]/div/input'.</msg>
<status status="PASS" starttime="20200611 09:10:38.579" endtime="20200611 09:10:41.928"></status>
</kw>
<kw name="Log To Console" library="BuiltIn">
<doc>Logs the given message to the console.</doc>
<arguments>
<arg>Product searched</arg>
</arguments>
<status status="PASS" starttime="20200611 09:10:41.929" endtime="20200611 09:10:41.930"></status>
</kw>
<kw name="Wait Until Element Is Visible" library="SeleniumLibrary">
<doc>Waits until the element ``locator`` is visible.</doc>
<arguments>
<arg>${first_result_locator}</arg>
</arguments>
<status status="PASS" starttime="20200611 09:10:41.932" endtime="20200611 09:10:42.042"></status>
</kw>
<kw name="Click Image" library="SeleniumLibrary">
<doc>Clicks an image identified by ``locator``.</doc>
<arguments>
<arg>${first_result_locator}</arg>
</arguments>
<msg timestamp="20200611 09:10:42.044" level="INFO">Clicking image 'xpath://*[@id="search"]/div[1]/div[2]/div/span[3]/div[2]/div[2]/div/span/div/div/div/div/div[2]/h2/a'.</msg>
<kw name="Capture Page Screenshot" library="SeleniumLibrary">
<doc>Takes a screenshot of the current page and embeds it into a log file.</doc>
<msg timestamp="20200611 09:10:42.875" level="INFO" html="yes">&lt;/td&gt;&lt;/tr&gt;&lt;tr&gt;&lt;td colspan="3"&gt;&lt;a href="selenium-screenshot-1.png"&gt;&lt;img src="selenium-screenshot-1.png" width="800px"&gt;&lt;/a&gt;</msg>
<status status="PASS" starttime="20200611 09:10:42.191" endtime="20200611 09:10:42.875"></status>
</kw>
<msg timestamp="20200611 09:10:42.978" level="FAIL">Input with locator 'xpath://*[@id="search"]/div[1]/div[2]/div/span[3]/div[2]/div[2]/div/span/div/div/div/div/div[2]/h2/a' not found.</msg>
<status status="FAIL" starttime="20200611 09:10:42.043" endtime="20200611 09:10:42.978"></status>
</kw>
<doc>Searching product in MFT Portal</doc>
<tags>
<tag>Smoke</tag>
</tags>
<status status="FAIL" starttime="20200611 09:10:21.106" endtime="20200611 09:10:42.979" critical="yes">Input with locator 'xpath://*[@id="search"]/div[1]/div[2]/div/span[3]/div[2]/div[2]/div/span/div/div/div/div/div[2]/h2/a' not found.</status>
</test>
<doc>This is basic information about the Suite</doc>
<status status="FAIL" starttime="20200611 09:10:20.287" endtime="20200611 09:10:42.983"></status>
</suite>
<statistics>
<total>
<stat pass="0" fail="1">Critical Tests</stat>
<stat pass="0" fail="1">All Tests</stat>
</total>
<tag>
<stat pass="0" fail="1">Smoke</stat>
</tag>
<suite>
<stat pass="0" fail="1" id="s1" name="Test Suite">Test Suite</stat>
</suite>
</statistics>
<errors>
</errors>
</robot>
