<?xml version="1.0" encoding="UTF-8"?>
<robot generator="Robot 3.2.1 (Python 3.7.5 on win32)" generated="20200611 09:23:51.016" rpa="false">
<suite id="s1" name="Test Suite" source="C:\Users\diness\Documents\Automation\Robot_Framework\RobotProject1\tests\test_suite.robot">
<test id="s1-t1" name="Test Case: To verify user is able to search the product in Amazon.in">
<kw name="Open Browser" library="SeleniumLibrary">
<doc>Opens a new browser instance to the optional ``url``.</doc>
<arguments>
<arg>${amazonurl}</arg>
<arg>chrome</arg>
</arguments>
<msg timestamp="20200611 09:23:51.997" level="INFO">Opening browser 'chrome' to base url 'https://www.amazon.in/'.</msg>
<status status="PASS" starttime="20200611 09:23:51.996" endtime="20200611 09:24:02.450"></status>
</kw>
<kw name="Maximize Browser Window" library="SeleniumLibrary">
<doc>Maximizes current browser window.</doc>
<status status="PASS" starttime="20200611 09:24:02.510" endtime="20200611 09:24:03.932"></status>
</kw>
<kw name="Log To Console" library="BuiltIn">
<doc>Logs the given message to the console.</doc>
<arguments>
<arg>Page opened</arg>
</arguments>
<status status="PASS" starttime="20200611 09:24:03.939" endtime="20200611 09:24:03.942"></status>
</kw>
<kw name="Wait Until Element Is Visible" library="SeleniumLibrary">
<doc>Waits until the element ``locator`` is visible.</doc>
<arguments>
<arg>${mainpage_header_locator}</arg>
</arguments>
<status status="PASS" starttime="20200611 09:24:03.947" endtime="20200611 09:24:04.387"></status>
</kw>
<kw name="Click Element" library="SeleniumLibrary">
<doc>Click the element identified by ``locator``.</doc>
<arguments>
<arg>${search_inputbox_locator}</arg>
</arguments>
<msg timestamp="20200611 09:24:04.390" level="INFO">Clicking element 'id:twotabsearchtextbox'.</msg>
<status status="PASS" starttime="20200611 09:24:04.389" endtime="20200611 09:24:04.785"></status>
</kw>
<kw name="Input Text" library="SeleniumLibrary">
<doc>Types the given ``text`` into the text field identified by ``locator``.</doc>
<arguments>
<arg>${search_inputbox_locator}</arg>
<arg>${product_name}</arg>
</arguments>
<msg timestamp="20200611 09:24:04.808" level="INFO">Typing text 'Apsara Platinum Pencils' into text field 'id:twotabsearchtextbox'.</msg>
<status status="PASS" starttime="20200611 09:24:04.808" endtime="20200611 09:24:05.525"></status>
</kw>
<kw name="Sleep" library="BuiltIn">
<doc>Pauses the test executed for the given time.</doc>
<arguments>
<arg>5s</arg>
</arguments>
<msg timestamp="20200611 09:24:10.527" level="INFO">Slept 5 seconds</msg>
<status status="PASS" starttime="20200611 09:24:05.526" endtime="20200611 09:24:10.527"></status>
</kw>
<kw name="Click Button" library="SeleniumLibrary">
<doc>Clicks the button identified by ``locator``.</doc>
<arguments>
<arg>${search_button_locator}</arg>
</arguments>
<msg timestamp="20200611 09:24:10.528" level="INFO">Clicking button 'xpath://*[@id="nav-search"]/form/div[2]/div/input'.</msg>
<status status="PASS" starttime="20200611 09:24:10.527" endtime="20200611 09:24:13.197"></status>
</kw>
<kw name="Log To Console" library="BuiltIn">
<doc>Logs the given message to the console.</doc>
<arguments>
<arg>Product searched</arg>
</arguments>
<status status="PASS" starttime="20200611 09:24:13.202" endtime="20200611 09:24:13.202"></status>
</kw>
<kw name="Sleep" library="BuiltIn">
<doc>Pauses the test executed for the given time.</doc>
<arguments>
<arg>5s</arg>
</arguments>
<msg timestamp="20200611 09:24:18.205" level="INFO">Slept 5 seconds</msg>
<status status="PASS" starttime="20200611 09:24:13.203" endtime="20200611 09:24:18.205"></status>
</kw>
<kw name="Close All Browsers" library="SeleniumLibrary">
<doc>Closes all open browsers and resets the browser cache.</doc>
<status status="PASS" starttime="20200611 09:24:18.206" endtime="20200611 09:24:22.009"></status>
</kw>
<doc>Searching product in MFT Portal</doc>
<tags>
<tag>Smoke</tag>
</tags>
<status status="PASS" starttime="20200611 09:23:51.984" endtime="20200611 09:24:22.009" critical="yes"></status>
</test>
<doc>This is basic information about the Suite</doc>
<status status="PASS" starttime="20200611 09:23:51.027" endtime="20200611 09:24:22.016"></status>
</suite>
<statistics>
<total>
<stat pass="1" fail="0">Critical Tests</stat>
<stat pass="1" fail="0">All Tests</stat>
</total>
<tag>
<stat pass="1" fail="0">Smoke</stat>
</tag>
<suite>
<stat pass="1" fail="0" id="s1" name="Test Suite">Test Suite</stat>
</suite>
</statistics>
<errors>
</errors>
</robot>
